{
  level: 'error',
  message: 'main-server: Listening to port 8080',
  timestamp: '2021-09-25T18:17:03.428Z'
}
{
  level: 'info',
  message: 'admin-dao: get user by id 24 request',
  timestamp: '2021-09-25T18:17:03.761Z'
}
{
  level: 'info',
  message: 'admin-dao: get user by id 24 request',
  timestamp: '2021-09-25T18:17:03.764Z'
}
{
  level: 'info',
  message: 'admin-dao: get user by id 24 request',
  timestamp: '2021-09-25T18:17:40.467Z'
}
{
  level: 'info',
  message: 'main-server: Listening to port 8080',
  timestamp: '2021-09-25T18:19:45.952Z'
}
{
  level: 'info',
  message: 'main-server: Listening to port 8080',
  timestamp: '2021-09-25T18:21:34.789Z'
}
{
  level: 'info',
  message: 'anon-dao: get arrival flights with country_id 2',
  timestamp: '2021-09-25T18:23:15.749Z'
}
{
  level: 'info',
  message: 'anon-dao: get flight by id 1 request',
  timestamp: '2021-09-25T18:23:20.843Z'
}
{
  level: 'info',
  message: 'anon-dao: get flight by id 7 request',
  timestamp: '2021-09-25T18:23:26.220Z'
}
{
  level: 'info',
  message: 'main-server: Listening to port 8080',
  timestamp: '2021-09-25T18:24:21.296Z'
}
{
  level: 'info',
  message: 'main-server: Listening to port 8080',
  timestamp: '2021-09-25T18:26:06.094Z'
}
{
  level: 'info',
  message: `User-model: new user with id select * from sp_insert_user('Customer1','$2b$10$N3X2g/spsbwBRs1mOmf0JO9iSQvGVd1PYQW95.LExY84eh1GXIHF2','test@mail.com','Customer') - повторяющееся значение ключа нарушает ограничение уникальности "unique_username" was created & saved`,
  timestamp: '2021-09-25T18:26:20.009Z'
}
{
  level: 'error',
  message: 'anon-dao: insert user id 30',
  timestamp: '2021-09-25T18:26:36.263Z'
}
{
  level: 'info',
  message: 'User-model: new user with id 30 was created & saved',
  timestamp: '2021-09-25T18:26:36.265Z'
}
{
  level: 'info',
  message: 'admin-dao: get user by id 30 request',
  timestamp: '2021-09-25T18:26:36.272Z'
}
{
  level: 'info',
  message: 'admin-dao: get user by id 30 request',
  timestamp: '2021-09-25T18:26:36.314Z'
}
{
  level: 'info',
  message: 'admin-dao: get user by id 30 request',
  timestamp: '2021-09-25T18:26:36.320Z'
}
{
  level: 'info',
  message: 'admin-dao: get user by id 30 request',
  timestamp: '2021-09-25T18:27:19.536Z'
}
{
  level: 'info',
  message: 'admin-dao: get user by id 30 request',
  timestamp: '2021-09-25T18:27:25.705Z'
}
{
  level: 'info',
  message: 'customer-dao: get customer by id 10 request',
  timestamp: '2021-09-25T18:27:25.720Z'
}
{
  level: 'info',
  message: 'admin-dao: get user by id 30 request',
  timestamp: '2021-09-25T18:27:29.602Z'
}
{
  level: 'info',
  message: 'admin-dao: get user by id 30 request',
  timestamp: '2021-09-25T18:27:29.608Z'
}
{
  level: 'info',
  message: 'admin-dao: get user by id 30 request',
  timestamp: '2021-09-25T18:27:30.851Z'
}
{
  level: 'info',
  message: 'customer-dao: get user by username Customer11 request',
  timestamp: '2021-09-25T18:27:41.265Z'
}
{
  level: 'info',
  message: 'customer-dao: get user by username Customer11 request',
  timestamp: '2021-09-25T18:27:45.258Z'
}
{
  level: 'info',
  message: 'customer-dao: get user by username Customer11 request',
  timestamp: '2021-09-25T18:27:46.416Z'
}
{
  level: 'info',
  message: 'customer-dao: get user by username Customer11 request',
  timestamp: '2021-09-25T18:27:48.448Z'
}
{
  level: 'info',
  message: 'customer-dao: get user by username Customer11 request',
  timestamp: '2021-09-25T18:27:48.697Z'
}
{
  level: 'info',
  message: 'customer-dao: get user by username Customer11 request',
  timestamp: '2021-09-25T18:27:58.754Z'
}
{
  level: 'info',
  message: 'customer-dao: get user by username Customer11 request',
  timestamp: '2021-09-25T18:28:02.530Z'
}
{
  level: 'info',
  message: 'admin-dao: get user by id 30 request',
  timestamp: '2021-09-25T18:28:02.751Z'
}
{
  level: 'info',
  message: 'admin-dao: get user by id 30 request',
  timestamp: '2021-09-25T18:28:02.756Z'
}
